<?xml version="1.0" encoding="UTF-8"?>
<testsuite xmlns:xsi="http://www.w3.org/2001/XMLSchema-instance" xsi:noNamespaceSchemaLocation="https://maven.apache.org/surefire/maven-surefire-plugin/xsd/surefire-test-report.xsd" version="3.0.2" name="Runner.Runner" time="6.553" tests="1" errors="0" skipped="0" failures="0">
  <properties>
[...]
</properties>
  <testcase name="user able to test login page functionality" classname="Test Login Page" time="5.599">
    <system-out><![CDATA[
Scenario: user able to test login page functionality &amp#27;[90m# src/test/java/Feature/hello.feature:3&amp#27;[0m
  &amp#27;[32mGiven &amp#27;[0m&amp#27;[32mOpen Browser&amp#27;[0m                                 &amp#27;[90m# StepDefn.StepDD.open_browser()&amp#27;[0m
  &amp#27;[32mAnd &amp#27;[0m&amp#27;[32mEnter URL&amp#27;[0m                                      &amp#27;[90m# StepDefn.StepDD.enter_url()&amp#27;[0m
]]></system-out>
  </testcase>
</testsuite>